<?xml version="1.0" encoding="UTF-8"?>
<coverage generated="1716506210315" clover="3.2.0">
  <project timestamp="1716506210316" name="All files">
    <metrics statements="19" coveredstatements="7" conditionals="9" coveredconditionals="3" methods="4" coveredmethods="1" elements="32" coveredelements="11" complexity="0" loc="19" ncloc="19" packages="1" files="1" classes="1"/>
    <file name="userService.ts" path="C:\Users\alexv\OneDrive - INTEC\Asignaturas\Trimestre 9\Pruebas\Ejercicio3\userService.ts">
      <metrics statements="19" coveredstatements="7" conditionals="9" coveredconditionals="3" methods="4" coveredmethods="1"/>
      <line num="6" count="1" type="stmt"/>
      <line num="7" count="1" type="stmt"/>
      <line num="8" count="2" type="cond" truecount="3" falsecount="0"/>
      <line num="9" count="2" type="stmt"/>
      <line num="11" count="0" type="cond" truecount="0" falsecount="1"/>
      <line num="12" count="0" type="stmt"/>
      <line num="14" count="0" type="stmt"/>
      <line num="16" count="1" type="stmt"/>
      <line num="17" count="0" type="stmt"/>
      <line num="18" count="0" type="cond" truecount="0" falsecount="3"/>
      <line num="19" count="0" type="stmt"/>
      <line num="21" count="0" type="cond" truecount="0" falsecount="1"/>
      <line num="22" count="0" type="stmt"/>
      <line num="24" count="0" type="stmt"/>
      <line num="26" count="1" type="stmt"/>
      <line num="27" count="0" type="cond" truecount="0" falsecount="1"/>
      <line num="28" count="0" type="stmt"/>
      <line num="31" count="1" type="stmt"/>
      <line num="32" count="0" type="stmt"/>
    </file>
  </project>
</coverage>
